<?xml version="1.0" encoding="UTF-8"?>
<testsuite name="MethodInterception" tests="1" skipped="0" failures="0" errors="0" timestamp="2021-05-31T11:32:24" hostname="GM77" time="0.018">
  <properties/>
  <testcase name="annotationValue()" classname="MethodInterception" time="0.018"/>
  <system-out><![CDATA[]]></system-out>
  <system-err><![CDATA[]]></system-err>
</testsuite>
